build/app/outputs/mapping/release/seeds.txt
com.municipalidad_de_malargue.MainActivity: MainActivity()
com.municipalidad_de_malargue.MainActivity
...
io.flutter.embedding.engine.FlutterShellArgs: FlutterShellArgs(java.util.Set)
io.flutter.plugin.editing.InputConnectionAdaptor: boolean beginBatchEdit()
androidx.activity.ComponentActivity: void onSaveInstanceState(android.os.Bundle)
io.flutter.plugins.urllauncher.UrlLauncher: android.content.Context applicationContext
io.flutter.view.AccessibilityViewEmbedder$ReflectionAccessors: boolean isBitSet(long,int)
io.flutter.embedding.android.FlutterFragment$CachedEngineFragmentBuilder: io.flutter.embedding.android.FlutterFragment$CachedEngineFragmentBuilder transparencyMode(io.flutter.embedding.android.TransparencyMode)
io.flutter.view.FlutterCallbackInformation
io.flutter.plugin.platform.PlatformPlugin: void access$800(io.flutter.plugin.platform.PlatformPlugin,java.lang.String)
io.flutter.plugin.platform.SingleViewPresentation$AccessibilityDelegatingFrameLayout: boolean requestSendAccessibilityEvent(android.view.View,android.view.accessibility.AccessibilityEvent)
io.flutter.plugin.common.BasicMessageChannel$IncomingReplyHandler
io.flutter.embedding.android.FlutterSplashView$SavedState$1: java.lang.Object createFromParcel(android.os.Parcel)
androidx.fragment.app.FragmentActivity: java.lang.String ALLOCATED_REQUEST_INDICIES_TAG
io.flutter.view.AccessibilityBridge: java.util.Map flutterSemanticsTree
io.flutter.plugins.urllauncher.R$id: int forever
io.flutter.embedding.engine.FlutterEngineConnectionRegistry: boolean isAttachedToActivity()
io.flutter.plugin.editing.ImeSyncDeferringInsetsCallback: boolean needsSave
io.flutter.plugin.common.EventChannel: EventChannel(io.flutter.plugin.common.BinaryMessenger,java.lang.String,io.flutter.plugin.common.MethodCodec)
io.flutter.plugin.platform.PlatformViewsController: android.view.View flutterView
androidx.activity.ComponentActivity: java.lang.Object onRetainNonConfigurationInstance()
io.flutter.embedding.engine.FlutterJNI: void setLocalizationPlugin(io.flutter.plugin.localization.LocalizationPlugin)
io.flutter.plugins.urllauncher.WebViewActivity$FlutterWebChromeClient$1
io.flutter.embedding.engine.systemchannels.PlatformChannel: java.util.List decodeSystemUiOverlays(org.json.JSONArray)
io.flutter.plugin.editing.InputConnectionAdaptor: boolean performEditorAction(int)
io.flutter.embedding.engine.plugins.contentprovider.ContentProviderAware: void onDetachedFromContentProvider()
io.flutter.plugins.urllauncher.R$styleable: int FontFamilyFont_android_fontStyle
io.flutter.plugin.common.BinaryCodec: java.nio.ByteBuffer encodeMessage(java.nio.ByteBuffer)
io.flutter.embedding.android.AndroidKeyProcessor: boolean isPendingEvent(android.view.KeyEvent)
io.flutter.embedding.android.FlutterFragment: java.lang.String ARG_CACHED_ENGINE_ID
io.flutter.plugin.editing.TextInputPlugin: void notifyViewEntered()
androidx.fragment.app.Fragment: int getStateAfterAnimating()
io.flutter.embedding.android.FlutterView: FlutterView(android.content.Context,io.flutter.embedding.android.FlutterView$TransparencyMode)
io.flutter.view.FlutterView$ViewportMetrics: int physicalViewInsetRight
io.flutter.embedding.engine.FlutterEngineConnectionRegistry: void removeAll()
io.flutter.embedding.engine.renderer.FlutterUiDisplayListener: void onFlutterUiNoLongerDisplayed()
io.flutter.Log: void i(java.lang.String,java.lang.String)
io.flutter.plugins.urllauncher.WebViewActivity$1: WebViewActivity$1(io.flutter.plugins.urllauncher.WebViewActivity)
io.flutter.embedding.engine.FlutterJNI: boolean nativeFlutterTextUtilsIsEmojiModifier(int)
io.flutter.app.FlutterFragmentActivity: io.flutter.view.FlutterView getFlutterView()
io.flutter.plugin.common.StandardMessageCodec: byte DOUBLE
io.flutter.embedding.android.FlutterView: android.view.accessibility.AccessibilityNodeProvider getAccessibilityNodeProvider()
io.flutter.view.FlutterView$ViewportMetrics: int physicalViewPaddingBottom
io.flutter.plugins.urllauncher.R$dimen: int compat_button_inset_horizontal_material