build/app/outputs/mapping/release/mapping.txt
# compiler: R8
# compiler_version: 2.1.62
# min_api: 16
# pg_map_id: 5fa6b5e
# common_typos_disable
...
androidx.activity.Cancellable -> androidx.activity.a:
androidx.activity.ComponentActivity$1 -> androidx.activity.ComponentActivity$a:
    androidx.activity.ComponentActivity this$0 -> a
androidx.activity.ComponentActivity$2 -> androidx.activity.ComponentActivity$2:
    androidx.activity.ComponentActivity this$0 -> a
    void onStateChanged(androidx.lifecycle.LifecycleOwner,androidx.lifecycle.Lifecycle$Event) -> g
androidx.activity.ComponentActivity$3 -> androidx.activity.ComponentActivity$3:
    androidx.activity.ComponentActivity this$0 -> a
    void onStateChanged(androidx.lifecycle.LifecycleOwner,androidx.lifecycle.Lifecycle$Event) -> g
androidx.activity.ComponentActivity$NonConfigurationInstances -> androidx.activity.ComponentActivity$b:
    androidx.lifecycle.ViewModelStore viewModelStore -> b
    java.lang.Object custom -> a
androidx.activity.ImmLeaksCleaner -> androidx.activity.ImmLeaksCleaner:
    java.lang.reflect.Field sServedViewField -> d
    java.lang.reflect.Field sNextServedViewField -> e
    java.lang.reflect.Field sHField -> c
    int sReflectedFieldsInitialized -> b
    android.app.Activity mActivity -> a
    void onStateChanged(androidx.lifecycle.LifecycleOwner,androidx.lifecycle.Lifecycle$Event) -> g
    void initializeReflectiveFields() -> h
androidx.activity.OnBackPressedCallback -> androidx.activity.b:
    boolean mEnabled -> a
    java.util.concurrent.CopyOnWriteArrayList mCancellables -> b
    void addCancellable(androidx.activity.Cancellable) -> a
    void handleOnBackPressed() -> b
    boolean isEnabled() -> c
    void remove() -> d
    void removeCancellable(androidx.activity.Cancellable) -> e
    void setEnabled(boolean) -> f
androidx.activity.OnBackPressedDispatcher -> androidx.activity.OnBackPressedDispatcher:
    java.lang.Runnable mFallbackOnBackPressed -> a
    java.util.ArrayDeque mOnBackPressedCallbacks -> b
    void addCallback(androidx.lifecycle.LifecycleOwner,androidx.activity.OnBackPressedCallback) -> a
    androidx.activity.Cancellable addCancellableCallback(androidx.activity.OnBackPressedCallback) -> b
    void onBackPressed() -> c
androidx.activity.OnBackPressedDispatcher$LifecycleOnBackPressedCancellable -> androidx.activity.OnBackPressedDispatcher$LifecycleOnBackPressedCancellable:
    androidx.lifecycle.Lifecycle mLifecycle -> a
    androidx.activity.OnBackPressedCallback mOnBackPressedCallback -> b
    androidx.activity.OnBackPressedDispatcher this$0 -> d
    androidx.activity.Cancellable mCurrentCancellable -> c
    void onStateChanged(androidx.lifecycle.LifecycleOwner,androidx.lifecycle.Lifecycle$Event) -> g
androidx.activity.OnBackPressedDispatcher$OnBackPressedCancellable -> androidx.activity.OnBackPressedDispatcher$a:
    androidx.activity.OnBackPressedCallback mOnBackPressedCallback -> a
    androidx.activity.OnBackPressedDispatcher this$0 -> b
androidx.activity.OnBackPressedDispatcherOwner -> androidx.activity.c:
androidx.arch.core.executor.ArchTaskExecutor -> a.a.a.a.a:
    androidx.arch.core.executor.ArchTaskExecutor sInstance -> c
    androidx.arch.core.executor.TaskExecutor mDefaultTaskExecutor -> b
    androidx.arch.core.executor.TaskExecutor mDelegate -> a
    boolean isMainThread() -> a
    androidx.arch.core.executor.ArchTaskExecutor getInstance() -> b
androidx.arch.core.executor.DefaultTaskExecutor -> a.a.a.a.b:
    java.lang.Object mLock -> a
    java.util.concurrent.ExecutorService mDiskIO -> b
    boolean isMainThread() -> a
androidx.arch.core.executor.DefaultTaskExecutor$1 -> a.a.a.a.b$a:
    java.util.concurrent.atomic.AtomicInteger mThreadId -> a
androidx.arch.core.executor.TaskExecutor -> a.a.a.a.c:
    boolean isMainThread() -> a