build/app/outputs/mapping/release/usage.txt
com.municipalidad_de_malargue.R$layout
com.municipalidad_de_malargue.R$integer
com.municipalidad_de_malargue.R$dimen
com.municipalidad_de_malargue.R$string
com.municipalidad_de_malargue.R
com.municipalidad_de_malargue.R$attr
com.municipalidad_de_malargue.BuildConfig
com.municipalidad_de_malargue.R$color
com.municipalidad_de_malargue.R$styleable
com.municipalidad_de_malargue.R$id
com.municipalidad_de_malargue.R$drawable
com.municipalidad_de_malargue.R$mipmap
com.municipalidad_de_malargue.R$style
...
androidx.core.widget.TextViewCompat$AutoSizeTextType
androidx.annotation.NavigationRes
androidx.core.view.accessibility.AccessibilityNodeInfoCompat
kotlin.time.ClockKt
kotlin.text.DelimitedRangesSequence$iterator$1
kotlin.collections.BooleanIterator
kotlin.UseExperimental
androidx.core.internal.view.SupportMenu
kotlin.coroutines.jvm.internal.ModuleNameRetriever
kotlin.io.ConsoleKt$decoder$2
androidx.core.view.WindowInsetsCompat
kotlin.ExtensionFunctionType
kotlin.Pair
androidx.core.view.LayoutInflaterFactory
androidx.core.text.TextDirectionHeuristicsCompat$TextDirectionAlgorithm
kotlin.sequences.FlatteningSequence$iterator$1
kotlin.collections.ArraysKt___ArraysJvmKt$asList$3
kotlin.sequences.TransformingSequence$iterator$1
kotlin.text.StringsKt__IndentKt$prependIndent$1
kotlin.NumbersKt__BigIntegersKt
kotlin.comparisons.ComparisonsKt__ComparisonsKt$thenBy$1
kotlin.time.DurationUnitKt$WhenMappings
androidx.core.R$drawable
androidx.core.text.BidiFormatter
androidx.core.view.inputmethod.InputConnectionCompat$1
androidx.loader.content.AsyncTaskLoader
kotlin.SuspendKt
androidx.core.view.InputDeviceCompat
androidx.viewpager.widget.ViewPager$SimpleOnPageChangeListener
kotlin.jvm.functions.Function9
androidx.core.provider.FontRequest
androidx.fragment.app.FragmentTabHost$DummyTabFactory
kotlin.collections.ArraysKt___ArraysKt$withIndex$9
androidx.fragment.R$id
kotlin.coroutines.CombinedContext$toString$1
androidx.core.graphics.TypefaceCompatApi28Impl
kotlin.coroutines.Continuation
androidx.activity.R$string
kotlin.system.TimingKt
kotlin.math.MathKt
androidx.core.view.OnApplyWindowInsetsListener
androidx.core.content.pm.PermissionInfoCompat$ProtectionFlags
kotlin.jvm.internal.ArrayCharIterator
androidx.loader.app.LoaderManagerImpl$LoaderInfo:
    void <init>(int,android.os.Bundle,androidx.loader.content.Loader,androidx.loader.content.Loader)
    androidx.loader.content.Loader setCallback(androidx.lifecycle.LifecycleOwner,androidx.loader.app.LoaderManager$LoaderCallbacks)
    boolean isCallbackWaitingForData()
    public void onLoadComplete(androidx.loader.content.Loader,java.lang.Object)
androidx.core.provider.FontsContractCompat$FontRequestCallback$FontRequestFailReason
kotlin.sequences.SequencesKt__SequencesKt$generateSequence$1
androidx.lifecycle.ComputableLiveData$1
kotlin.text.SystemProperties
kotlin.internal.LowPriorityInOverloadResolution
kotlin.ExceptionsKt
kotlin.coroutines.CoroutineContext$plus$1
androidx.core.app.NotificationCompat$Builder
androidx.core.net.ConnectivityManagerCompat$RestrictBackgroundStatus
kotlin.collections.AbstractList$ListIteratorImpl
kotlin.time.DurationUnitKt
kotlin.text.MatchResult$DefaultImpls
androidx.core.graphics.TypefaceCompatApi21Impl
androidx.versionedparcelable.VersionedParcelize
kotlin.ranges.ClosedRange
androidx.lifecycle.DefaultLifecycleObserver
kotlin.sequences.TransformingSequence
kotlin.properties.ReadWriteProperty
androidx.loader.content.ModernAsyncTask$Status